#! /c/Source/iverilog-install/bin/vvp
:ivl_version "12.0 (devel)" "(s20150603-1539-g2693dd32b)";
:ivl_delay_selection "TYPICAL";
:vpi_time_precision + 0;
:vpi_module "C:\iverilog\lib\ivl\system.vpi";
:vpi_module "C:\iverilog\lib\ivl\vhdl_sys.vpi";
:vpi_module "C:\iverilog\lib\ivl\vhdl_textio.vpi";
:vpi_module "C:\iverilog\lib\ivl\v2005_math.vpi";
:vpi_module "C:\iverilog\lib\ivl\va_math.vpi";
S_000001a911542df0 .scope module, "AddSubFPU" "AddSubFPU" 2 1;
 .timescale 0 0;
    .port_info 0 /INPUT 32 "N1";
    .port_info 1 /INPUT 32 "N2";
    .port_info 2 /OUTPUT 32 "result";
o000001a911576a18 .functor BUFZ 32, C4<zzzzzzzzzzzzzzzzzzzzzzzzzzzzzzzz>; HiZ drive
v000001a9115434d0_0 .net "N1", 31 0, o000001a911576a18;  0 drivers
o000001a911576a48 .functor BUFZ 32, C4<zzzzzzzzzzzzzzzzzzzzzzzzzzzzzzzz>; HiZ drive
v000001a91167ee30_0 .net "N2", 31 0, o000001a911576a48;  0 drivers
o000001a911576a78 .functor BUFZ 32, C4<zzzzzzzzzzzzzzzzzzzzzzzzzzzzzzzz>; HiZ drive
v000001a91167eed0_0 .net "result", 31 0, o000001a911576a78;  0 drivers
# The file index is used to find the file name in the following table.
:file_names 3;
    "N/A";
    "<interactive>";
    ".\AddSubFPU.v";
